In folder 100_Amy_CBC/block_1/candy.TextGrid, the text value for interval 2 is incorrect.
In folder 100_Amy_CBC/block_1/peach.TextGrid, the text value for interval 2 is incorrect.
In folder 100_Amy_CBC/block_1/piano.TextGrid, the text value for interval 2 is incorrect.
In folder 100_Amy_CBC/block_2/bear.TextGrid, the text value for interval 2 is incorrect.
In folder 100_Amy_CBC/block_2/bird.TextGrid, the text value for interval 2 is incorrect.
In folder 100_Amy_CBC/block_2/bone.TextGrid, the text value for interval 2 is incorrect.
In folder 100_Amy_CBC/block_2/dinosaur.TextGrid, the text value for interval 2 is incorrect.
In folder 100_Amy_CBC/block_2/peanut.TextGrid, the text value for interval 2 is incorrect.
In folder 113_Amy_CBC/block_2/box.TextGrid, the text value for interval 2 is incorrect.
In folder 113_Amy_CBC/block_2/ghost.TextGrid, the text value for interval 2 is incorrect.
In folder 117_Amy_CBC/block_1/carpet.TextGrid, the text value for interval 2 is incorrect.
In folder 117_Amy_CBC/block_1/girl.TextGrid, the text value for interval 2 is incorrect.
In folder 117_Amy_CBC/block_1/pineapple.TextGrid, the text value for interval 2 is incorrect.
In folder 131_Amy_CBC/block_2/baby.TextGrid, the text value for interval 2 is incorrect.
In folder 131_Amy_CBC/block_2/battery.TextGrid, the text value for interval 2 is incorrect.
In folder 131_Amy_CBC/block_2/bone.TextGrid, the text value for interval 2 is incorrect.
In folder 131_Amy_CBC/block_2/box.TextGrid, the text value for interval 2 is incorrect.
In folder 131_Amy_CBC/block_2/cake.TextGrid, the text value for interval 2 is incorrect.
In folder 131_Amy_CBC/block_2/computer.TextGrid, the text value for interval 2 is incorrect.
In folder 131_Amy_CBC/block_2/dog.TextGrid, the text value for interval 2 is incorrect.
In folder 131_Amy_CBC/block_2/pants.TextGrid, the text value for interval 2 is incorrect.
In folder 131_Amy_CBC/block_2/peach.TextGrid, the text value for interval 2 is incorrect.
In folder 131_Amy_CBC/block_2/pear.TextGrid, the text value for interval 2 is incorrect.
In folder 131_Amy_CBC/block_2/pencil.TextGrid, the text value for interval 2 is incorrect.
In folder 133_Amy_CBC/block_2/bag.TextGrid, the text value for interval 2 is incorrect.
In folder 133_Amy_CBC/block_2/box.TextGrid, the text value for interval 2 is incorrect.
In folder 133_Amy_CBC/block_2/candy.TextGrid, the text value for interval 2 is incorrect.
In folder 133_Amy_CBC/block_2/garden.TextGrid, the text value for interval 2 is incorrect.
In folder 133_Amy_CBC/block_2/tofu.TextGrid, the text value for interval 2 is incorrect.
In folder 162_Amy_CBC/block_1/panda.TextGrid, the text value for interval 2 is incorrect.
In folder 172_Amy_CBC/block_1/battery.TextGrid, the text value for interval 2 is incorrect.
In folder 172_Amy_CBC/block_1/garden.TextGrid, the text value for interval 2 is incorrect.
In folder 173_Amy_CBC/block_1/tomato.TextGrid, the text value for interval 2 is incorrect.
In folder 19_Amy_CBC/block_2/bubble.TextGrid, the text value for interval 2 is incorrect.
In folder 19_Amy_CBC/block_2/pants.TextGrid, the text value for interval 2 is incorrect.
In folder 19_Amy_CBC/block_2/pepper.TextGrid, the text value for interval 2 is incorrect.
In folder 19_Amy_CBC/block_2/pineapple.TextGrid, the text value for interval 2 is incorrect.
In folder 19_Amy_CBC/block_2/tooth.TextGrid, the text value for interval 2 is incorrect.
In folder 19_Amy_CBC/block_2/turtle.TextGrid, the text value for interval 2 is incorrect.
In folder 38_Amy_CBC/block_1/carpet.TextGrid, the text value for interval 2 is incorrect.
In folder 84_Amy_CBC/block_1/cup.TextGrid, the text value for interval 2 is incorrect.
In folder 84_Amy_CBC/block_1/garden.TextGrid, the text value for interval 2 is incorrect.
In folder 84_Amy_CBC/block_1/pants.TextGrid, the text value for interval 2 is incorrect.
In folder 10_Amy_ESL/block_1/pepper.TextGrid, the text value for interval 2 is incorrect.
In folder 10_Amy_ESL/block_2/pear.TextGrid, the text value for interval 2 is incorrect.
In folder 126_Amy_ESL/block_1/paint.TextGrid, the text value for interval 2 is incorrect.
In folder 126_Amy_ESL/block_2/battery.TextGrid, the text value for interval 2 is incorrect.
In folder 126_Amy_ESL/block_2/bird.TextGrid, the text value for interval 2 is incorrect.
In folder 126_Amy_ESL/block_2/bus.TextGrid, the text value for interval 2 is incorrect.
In folder 126_Amy_ESL/block_2/cake.TextGrid, the text value for interval 2 is incorrect.
In folder 126_Amy_ESL/block_2/carrot.TextGrid, the text value for interval 2 is incorrect.
In folder 126_Amy_ESL/block_2/garden.TextGrid, the text value for interval 2 is incorrect.
In folder 153_Amy_ESL/block_1/pants.TextGrid, the text value for interval 2 is incorrect.
In folder 161_Amy_ESL/block_2/computer.TextGrid, the text value for interval 2 is incorrect.
In folder 192_Amy_ESL/block_2/pineapple.TextGrid, the text value for interval 2 is incorrect.
In folder 194_Amy_ESL/block_2/ghost.TextGrid, the text value for interval 2 is incorrect.
In folder 41_Amy_ESL/block_1/garden.TextGrid, the text value for interval 2 is incorrect.
In folder 85_Amy_ESL/block_1/back.TextGrid, the text value for interval 2 is incorrect.
In folder 85_Amy_ESL/block_1/candy.TextGrid, the text value for interval 2 is incorrect.
In folder 85_Amy_ESL/block_1/carrot.TextGrid, the text value for interval 2 is incorrect.
In folder 85_Amy_ESL/block_1/cup.TextGrid, the text value for interval 2 is incorrect.
In folder 111_Emily_CBC/block_1/turtle.TextGrid, the text value for interval 2 is incorrect.
In folder 111_Emily_CBC/block_2/baby.TextGrid, the text value for interval 2 is incorrect.
In folder 111_Emily_CBC/block_2/pear.TextGrid, the text value for interval 2 is incorrect.
In folder 111_Emily_CBC/block_2/pencil.TextGrid, the text value for interval 2 is incorrect.
In folder 111_Emily_CBC/block_2/pineapple.TextGrid, the text value for interval 2 is incorrect.
In folder 14_Emily_CBC/block_1/carrot.TextGrid, the text value for interval 2 is incorrect.
In folder 14_Emily_CBC/block_1/deer.TextGrid, the text value for interval 2 is incorrect.
In folder 164_Emily_CBC/block_2/can.TextGrid, the text value for interval 2 is incorrect.
In folder 179_Emily_CBC/block_1/battery.TextGrid, the text value for interval 2 is incorrect.
In folder 179_Emily_CBC/block_2/paint.TextGrid, the text value for interval 2 is incorrect.
In folder 179_Emily_CBC/block_2/peanut.TextGrid, the text value for interval 2 is incorrect.
In folder 179_Emily_CBC/block_2/pencil.TextGrid, the text value for interval 2 is incorrect.
In folder 179_Emily_CBC/block_2/pineapple.TextGrid, the text value for interval 2 is incorrect.
In folder 25_Emily_CBC/block_2/tomato.TextGrid, the text value for interval 2 is incorrect.
In folder 26_Emily_CBC/block_2/battery.TextGrid, the text value for interval 2 is incorrect.
In folder 26_Emily_CBC/block_2/coffee.TextGrid, the text value for interval 2 is incorrect.
In folder 27_Emily_CBC/block_2/bird.TextGrid, the text value for interval 2 is incorrect.
In folder 27_Emily_CBC/block_2/turtle.TextGrid, the text value for interval 2 is incorrect.
In folder 33_Emily_CBC/block_1/dinosaur.TextGrid, the text value for interval 2 is incorrect.
In folder 50_Emily_CBC/block_2/banana.TextGrid, the text value for interval 2 is incorrect.
In folder 50_Emily_CBC/block_2/bus.TextGrid, the text value for interval 2 is incorrect.
In folder 50_Emily_CBC/block_2/duck.TextGrid, the text value for interval 2 is incorrect.
In folder 50_Emily_CBC/block_2/piano.TextGrid, the text value for interval 2 is incorrect.
In folder 68_Emily_CBC/block_1/boy.TextGrid, the text value for interval 2 is incorrect.
In folder 68_Emily_CBC/block_1/carrot.TextGrid, the text value for interval 2 is incorrect.
In folder 68_Emily_CBC/block_1/pear.TextGrid, the text value for interval 2 is incorrect.
In folder 68_Emily_CBC/block_1/pencil.TextGrid, the text value for interval 2 is incorrect.
In folder 68_Emily_CBC/block_1/pepper.TextGrid, the text value for interval 2 is incorrect.
In folder 68_Emily_CBC/block_1/tomato.TextGrid, the text value for interval 2 is incorrect.
In folder 8_Emily_CBC/block_2/bird.TextGrid, the text value for interval 2 is incorrect.
In folder 8_Emily_CBC/block_2/carpet.TextGrid, the text value for interval 2 is incorrect.
In folder 94_Emily_CBC/block_1/bird.TextGrid, the text value for interval 2 is incorrect.
In folder 94_Emily_CBC/block_1/paint.TextGrid, the text value for interval 2 is incorrect.
In folder 110_Emily_ESL/block_1/beer.TextGrid, the text value for interval 2 is incorrect.
In folder 119_Emily_ESL/block_1/duck.TextGrid, the text value for interval 2 is incorrect.
In folder 119_Emily_ESL/block_2/girl.TextGrid, the text value for interval 2 is incorrect.
In folder 146_Emily_ESL/block_1/dinosaur.TextGrid, the text value for interval 2 is incorrect.
In folder 160_Emily_ESL/block_1/coffee.TextGrid, the text value for interval 2 is incorrect.
In folder 167_Emily_ESL/block_1/tail.TextGrid, the text value for interval 2 is incorrect.
In folder 168_Emily_ESL/block_1/dog.TextGrid, the text value for interval 2 is incorrect.
In folder 168_Emily_ESL/block_2/back.TextGrid, the text value for interval 2 is incorrect.
In folder 168_Emily_ESL/block_2/peach.TextGrid, the text value for interval 2 is incorrect.
In folder 64_Emily_ESL/block_2/peanut.TextGrid, the text value for interval 2 is incorrect.
In folder 64_Emily_ESL/block_2/pear.TextGrid, the text value for interval 2 is incorrect.
In folder 77_Emily_ESL/block_2/bag.TextGrid, the text value for interval 2 is incorrect.
In folder 77_Emily_ESL/block_2/pen.TextGrid, the text value for interval 2 is incorrect.
In folder 78_Emily_ESL/block_1/belly.TextGrid, the text value for interval 2 is incorrect.
In folder 78_Emily_ESL/block_1/computer.TextGrid, the text value for interval 2 is incorrect.
In folder 78_Emily_ESL/block_1/dog.TextGrid, the text value for interval 2 is incorrect.
In folder 176_Kas_CBC/block_2/gum.TextGrid, the text value for interval 2 is incorrect.
In folder 183_Kas_CBC/block_2/bean.TextGrid, the text value for interval 2 is incorrect.
In folder 191_Kas_CBC/block_2/bus.TextGrid, the text value for interval 2 is incorrect.
In folder 34_Kas_CBC/block_1/turkey.TextGrid, the text value for interval 2 is incorrect.
In folder 34_Kas_CBC/block_2/battery.TextGrid, the text value for interval 2 is incorrect.
In folder 34_Kas_CBC/block_2/duck.TextGrid, the text value for interval 2 is incorrect.
In folder 34_Kas_CBC/block_2/gum.TextGrid, the text value for interval 2 is incorrect.
In folder 34_Kas_CBC/block_2/peach.TextGrid, the text value for interval 2 is incorrect.
In folder 34_Kas_CBC/block_2/pepper.TextGrid, the text value for interval 2 is incorrect.
In folder 34_Kas_CBC/block_2/tongue.TextGrid, the text value for interval 2 is incorrect.
In folder 34_Kas_CBC/block_2/turtle.TextGrid, the text value for interval 2 is incorrect.
In folder 58_Kas_CBC/block_1/turtle.TextGrid, the text value for interval 2 is incorrect.
In folder 58_Kas_CBC/block_2/belly.TextGrid, the text value for interval 2 is incorrect.
In folder 74_Kas_CBC/block_1/panda.TextGrid, the text value for interval 2 is incorrect.
In folder 74_Kas_CBC/block_2/ghost.TextGrid, the text value for interval 2 is incorrect.
In folder 156_Kas_ESL/block_1/cake.TextGrid, the text value for interval 2 is incorrect.
In folder 156_Kas_ESL/block_1/computer.TextGrid, the text value for interval 2 is incorrect.
In folder 156_Kas_ESL/block_1/desk.TextGrid, the text value for interval 2 is incorrect.
In folder 21_Kas_ESL/block_2/backpack.TextGrid, the text value for interval 2 is incorrect.
In folder 21_Kas_ESL/block_2/carrot.TextGrid, the text value for interval 2 is incorrect.
In folder 21_Kas_ESL/block_2/tongue.TextGrid, the text value for interval 2 is incorrect.
In folder 45_Kas_ESL/block_1/dog.TextGrid, the text value for interval 2 is incorrect.
In folder 57_Kas_ESL/block_1/beer.TextGrid, the text value for interval 2 is incorrect.
In folder 57_Kas_ESL/block_1/camera.TextGrid, the text value for interval 2 is incorrect.
In folder 82_Kas_ESL/block_2/girl.TextGrid, the text value for interval 2 is incorrect.
In folder 82_Kas_ESL/block_2/paint.TextGrid, the text value for interval 2 is incorrect.
In folder 82_Kas_ESL/block_2/tofu.TextGrid, the text value for interval 2 is incorrect.
